-------------------------------------------------------------------------------
Test set: TaiXeServiceTester
-------------------------------------------------------------------------------
Tests run: 1, Failures: 1, Errors: 0, Skipped: 0, Time elapsed: 0.557 s <<< FAILURE! - in TaiXeServiceTester
TestGetTaiXeById  Time elapsed: 0.07 s  <<< FAILURE!
org.opentest4j.AssertionFailedError: expected: <0988969820> but was: <038202001543>
	at TaiXeServiceTester.TestGetTaiXeById(TaiXeServiceTester.java:54)

