-------------------------------------------------------------------------------
Test set: XeTester
-------------------------------------------------------------------------------
Tests run: 3, Failures: 1, Errors: 0, Skipped: 0, Time elapsed: 0.684 s <<< FAILURE! - in XeTester
testGetAllXe  Time elapsed: 0.062 s  <<< FAILURE!
org.opentest4j.AssertionFailedError: expected: <2> but was: <3>
	at XeTester.testGetAllXe(XeTester.java:63)

